<?xml version="1.0" encoding="UTF-8"?>
<testsuite xmlns:xsi="http://www.w3.org/2001/XMLSchema-instance" xsi:noNamespaceSchemaLocation="https://maven.apache.org/surefire/maven-failsafe-plugin/xsd/failsafe-test-report.xsd" name="pt.ulisboa.tecnico.sdis.zk.ZKNamingIT" time="4.776" tests="7" errors="0" skipped="0" failures="0">
  <properties>
[...]
</properties>
  <testcase name="testRebindLookup" classname="pt.ulisboa.tecnico.sdis.zk.ZKNamingIT" time="1.299"/>
  <testcase name="testDiffSubpath" classname="pt.ulisboa.tecnico.sdis.zk.ZKNamingIT" time="0.909"/>
  <testcase name="testRebindLookupChild" classname="pt.ulisboa.tecnico.sdis.zk.ZKNamingIT" time="0.425"/>
  <testcase name="testBindLookup" classname="pt.ulisboa.tecnico.sdis.zk.ZKNamingIT" time="0.41"/>
  <testcase name="test2Children" classname="pt.ulisboa.tecnico.sdis.zk.ZKNamingIT" time="0.851"/>
  <testcase name="testBindLookupChild" classname="pt.ulisboa.tecnico.sdis.zk.ZKNamingIT" time="0.358"/>
  <testcase name="testRebindLookupRecord" classname="pt.ulisboa.tecnico.sdis.zk.ZKNamingIT" time="0.406"/>
</testsuite>